0 info it worked if it ends with ok
1 verbose cli [ 'C:\\Program Files (x86)\\nodejs\\node.exe',
1 verbose cli   'C:\\Program Files (x86)\\nodejs\\node_modules\\npm\\bin\\npm-cli.js',
1 verbose cli   'run',
1 verbose cli   'build' ]
2 info using npm@3.10.8
3 info using node@v6.9.1
4 verbose run-script [ 'prebuild', 'build', 'postbuild' ]
5 info lifecycle bookmarker@1.0.0~prebuild: bookmarker@1.0.0
6 silly lifecycle bookmarker@1.0.0~prebuild: no script for prebuild, continuing
7 info lifecycle bookmarker@1.0.0~build: bookmarker@1.0.0
8 verbose lifecycle bookmarker@1.0.0~build: unsafe-perm in lifecycle true
9 verbose lifecycle bookmarker@1.0.0~build: PATH: C:\Program Files (x86)\nodejs\node_modules\npm\bin\node-gyp-bin;C:\cygwin64\home\sho-hei\prog\chrome_extension_test\node_modules\.bin;C:\cygwin64\usr\local\bin;C:\cygwin64\bin;C:\ProgramData\Oracle\Java\javapath;C:\Program Files (x86)\Intel\iCLS Client;C:\Program Files\Intel\iCLS Client;C:\Windows\system32;C:\Windows;C:\Windows\System32\Wbem;C:\Windows\System32\WindowsPowerShell\v1.0;C:\Program Files (x86)\NVIDIA Corporation\PhysX\Common;C:\Program Files (x86)\Intel\Intel(R) Management Engine Components\DAL;C:\Program Files\Intel\Intel(R) Management Engine Components\DAL;C:\Program Files (x86)\Intel\Intel(R) Management Engine Components\IPT;C:\Program Files\Intel\Intel(R) Management Engine Components\IPT;C:\WINDOWS\system32;C:\WINDOWS;C:\WINDOWS\System32\Wbem;C:\WINDOWS\System32\WindowsPowerShell\v1.0;C:\Program Files (x86)\MySQL\MySQL Fabric 1.5 & MySQL Utilities 1.5;C:\Program Files (x86)\MySQL\MySQL Fabric 1.5 & MySQL Utilities 1.5\Doctrine extensions for PHP;C:\WINDOWS\system32\config\systemprofile\.dnx\bin;C:\Program Files\Microsoft DNX\Dnvm;C:\Program Files (x86)\Windows Kits\8.1\Windows Performance Toolkit;C:\Program Files\Microsoft SQL Server\130\Tools\Binn;C:\Program Files\Git\cmd;C:\Program Files (x86)\GtkSharp\2.12\bin;C:\Program Files (x86)\Windows Kits\10\Windows Performance Toolkit;C:\Program Files (x86)\nodejs;C:\Program Files (x86)\Windows Live\Shared;C:\Users\sho-hei\AppData\Local\Microsoft\WindowsApps;C:\Users\sho-hei\AppData\Roaming\npm;C:\Program Files\Heroku\bin;C:\cygwin64\home\sho-hei\selenium\;C:\cygwin64\home\sho-hei\selenium\;node_modules\.bin
10 verbose lifecycle bookmarker@1.0.0~build: CWD: C:\cygwin64\home\sho-hei\prog\chrome_extension_test
11 silly lifecycle bookmarker@1.0.0~build: Args: [ '/d /s /c', 'webpack' ]
12 silly lifecycle bookmarker@1.0.0~build: Returned: code: 1  signal: null
13 info lifecycle bookmarker@1.0.0~build: Failed to exec build script
14 verbose stack Error: bookmarker@1.0.0 build: `webpack`
14 verbose stack Exit status 1
14 verbose stack     at EventEmitter.<anonymous> (C:\Program Files (x86)\nodejs\node_modules\npm\lib\utils\lifecycle.js:255:16)
14 verbose stack     at emitTwo (events.js:106:13)
14 verbose stack     at EventEmitter.emit (events.js:191:7)
14 verbose stack     at ChildProcess.<anonymous> (C:\Program Files (x86)\nodejs\node_modules\npm\lib\utils\spawn.js:40:14)
14 verbose stack     at emitTwo (events.js:106:13)
14 verbose stack     at ChildProcess.emit (events.js:191:7)
14 verbose stack     at maybeClose (internal/child_process.js:877:16)
14 verbose stack     at Process.ChildProcess._handle.onexit (internal/child_process.js:226:5)
15 verbose pkgid bookmarker@1.0.0
16 verbose cwd C:\cygwin64\home\sho-hei\prog\chrome_extension_test\dist
17 error Windows_NT 10.0.14393
18 error argv "C:\\Program Files (x86)\\nodejs\\node.exe" "C:\\Program Files (x86)\\nodejs\\node_modules\\npm\\bin\\npm-cli.js" "run" "build"
19 error node v6.9.1
20 error npm  v3.10.8
21 error code ELIFECYCLE
22 error bookmarker@1.0.0 build: `webpack`
22 error Exit status 1
23 error Failed at the bookmarker@1.0.0 build script 'webpack'.
23 error Make sure you have the latest version of node.js and npm installed.
23 error If you do, this is most likely a problem with the bookmarker package,
23 error not with npm itself.
23 error Tell the author that this fails on your system:
23 error     webpack
23 error You can get information on how to open an issue for this project with:
23 error     npm bugs bookmarker
23 error Or if that isn't available, you can get their info via:
23 error     npm owner ls bookmarker
23 error There is likely additional logging output above.
24 verbose exit [ 1, true ]
